This file contains any messages produced by compilers while
running configure, to aid debugging if configure makes a mistake.

It was created by gvirtus configure 01-beta2, which was
generated by GNU Autoconf 2.65.  Invocation command line was

  $ ./configure --prefix=/usr/local/gvirtus

## --------- ##
## Platform. ##
## --------- ##

hostname = cuda1
uname -m = i686
uname -r = 2.6.32.38ubuntu1401
uname -s = Linux
uname -v = #1 SMP Thu Oct 3 20:09:37 HKT 2013

/usr/bin/uname -p = unknown
/bin/uname -X     = unknown

/bin/arch              = unknown
/usr/bin/arch -k       = unknown
/usr/convex/getsysinfo = unknown
/usr/bin/hostinfo      = unknown
/bin/machine           = unknown
/usr/bin/oslevel       = unknown
/bin/universe          = unknown

PATH: /usr/local/sbin
PATH: /usr/local/bin
PATH: /usr/sbin
PATH: /usr/bin
PATH: /sbin
PATH: /bin
PATH: /usr/games
PATH: /usr/local/cuda/bin


## ----------- ##
## Core tests. ##
## ----------- ##

configure:2589: checking for a BSD-compatible install
configure:2657: result: /usr/bin/install -c
configure:2668: checking whether build environment is sane
configure:2718: result: yes
configure:2859: checking for a thread-safe mkdir -p
configure:2898: result: /bin/mkdir -p
configure:2911: checking for gawk
configure:2927: found /usr/bin/gawk
configure:2938: result: gawk
configure:2949: checking whether make sets $(MAKE)
configure:2971: result: yes
configure:3114: checking for g++
configure:3130: found /usr/bin/g++
configure:3141: result: g++
configure:3168: checking for C++ compiler version
configure:3177: g++ --version >&5
g++ (Ubuntu 4.4.3-4ubuntu5.1) 4.4.3
Copyright (C) 2009 Free Software Foundation, Inc.
This is free software; see the source for copying conditions.  There is NO
warranty; not even for MERCHANTABILITY or FITNESS FOR A PARTICULAR PURPOSE.

configure:3188: $? = 0
configure:3177: g++ -v >&5
Using built-in specs.
Target: i486-linux-gnu
Configured with: ../src/configure -v --with-pkgversion='Ubuntu 4.4.3-4ubuntu5.1' --with-bugurl=file:///usr/share/doc/gcc-4.4/README.Bugs --enable-languages=c,c++,fortran,objc,obj-c++ --prefix=/usr --enable-shared --enable-multiarch --enable-linker-build-id --with-system-zlib --libexecdir=/usr/lib --without-included-gettext --enable-threads=posix --with-gxx-include-dir=/usr/include/c++/4.4 --program-suffix=-4.4 --enable-nls --enable-clocale=gnu --enable-libstdcxx-debug --enable-plugin --enable-objc-gc --enable-targets=all --disable-werror --with-arch-32=i486 --with-tune=generic --enable-checking=release --build=i486-linux-gnu --host=i486-linux-gnu --target=i486-linux-gnu
Thread model: posix
gcc version 4.4.3 (Ubuntu 4.4.3-4ubuntu5.1) 
configure:3188: $? = 0
configure:3177: g++ -V >&5
g++: '-V' option must have argument
configure:3188: $? = 1
configure:3177: g++ -qversion >&5
g++: unrecognized option '-qversion'
g++: no input files
configure:3188: $? = 1
configure:3208: checking whether the C++ compiler works
configure:3230: g++ -fno-stack-protector   conftest.cpp  >&5
configure:3234: $? = 0
configure:3283: result: yes
configure:3286: checking for C++ compiler default output file name
configure:3288: result: a.out
configure:3294: checking for suffix of executables
configure:3301: g++ -o conftest -fno-stack-protector   conftest.cpp  >&5
configure:3305: $? = 0
configure:3327: result: 
configure:3349: checking whether we are cross compiling
configure:3357: g++ -o conftest -fno-stack-protector   conftest.cpp  >&5
configure:3361: $? = 0
configure:3368: ./conftest
configure:3372: $? = 0
configure:3387: result: no
configure:3392: checking for suffix of object files
configure:3414: g++ -c -fno-stack-protector  conftest.cpp >&5
configure:3418: $? = 0
configure:3439: result: o
configure:3443: checking whether we are using the GNU C++ compiler
configure:3462: g++ -c -fno-stack-protector  conftest.cpp >&5
configure:3462: $? = 0
configure:3471: result: yes
configure:3480: checking whether g++ accepts -g
configure:3500: g++ -c -g  conftest.cpp >&5
configure:3500: $? = 0
configure:3541: result: yes
configure:3575: checking for style of include used by make
configure:3603: result: GNU
configure:3628: checking dependency style of g++
configure:3738: result: gcc3
configure:3801: checking for gcc
configure:3817: found /usr/bin/gcc
configure:3828: result: gcc
configure:4057: checking for C compiler version
configure:4066: gcc --version >&5
gcc (Ubuntu 4.4.3-4ubuntu5.1) 4.4.3
Copyright (C) 2009 Free Software Foundation, Inc.
This is free software; see the source for copying conditions.  There is NO
warranty; not even for MERCHANTABILITY or FITNESS FOR A PARTICULAR PURPOSE.

configure:4077: $? = 0
configure:4066: gcc -v >&5
Using built-in specs.
Target: i486-linux-gnu
Configured with: ../src/configure -v --with-pkgversion='Ubuntu 4.4.3-4ubuntu5.1' --with-bugurl=file:///usr/share/doc/gcc-4.4/README.Bugs --enable-languages=c,c++,fortran,objc,obj-c++ --prefix=/usr --enable-shared --enable-multiarch --enable-linker-build-id --with-system-zlib --libexecdir=/usr/lib --without-included-gettext --enable-threads=posix --with-gxx-include-dir=/usr/include/c++/4.4 --program-suffix=-4.4 --enable-nls --enable-clocale=gnu --enable-libstdcxx-debug --enable-plugin --enable-objc-gc --enable-targets=all --disable-werror --with-arch-32=i486 --with-tune=generic --enable-checking=release --build=i486-linux-gnu --host=i486-linux-gnu --target=i486-linux-gnu
Thread model: posix
gcc version 4.4.3 (Ubuntu 4.4.3-4ubuntu5.1) 
configure:4077: $? = 0
configure:4066: gcc -V >&5
gcc: '-V' option must have argument
configure:4077: $? = 1
configure:4066: gcc -qversion >&5
gcc: unrecognized option '-qversion'
gcc: no input files
configure:4077: $? = 1
configure:4081: checking whether we are using the GNU C compiler
configure:4100: gcc -c -fno-stack-protector  conftest.c >&5
configure:4100: $? = 0
configure:4109: result: yes
configure:4118: checking whether gcc accepts -g
configure:4138: gcc -c -g  conftest.c >&5
configure:4138: $? = 0
configure:4179: result: yes
configure:4196: checking for gcc option to accept ISO C89
configure:4260: gcc  -c -fno-stack-protector  conftest.c >&5
configure:4260: $? = 0
configure:4273: result: none needed
configure:4295: checking dependency style of gcc
configure:4405: result: gcc3
configure:4449: checking build system type
configure:4463: result: i686-pc-linux-gnu
configure:4483: checking host system type
configure:4496: result: i686-pc-linux-gnu
configure:4516: checking for a sed that does not truncate output
configure:4580: result: /bin/sed
configure:4598: checking for grep that handles long lines and -e
configure:4656: result: /bin/grep
configure:4661: checking for egrep
configure:4723: result: /bin/grep -E
configure:4728: checking for fgrep
configure:4790: result: /bin/grep -F
configure:4825: checking for ld used by gcc
configure:4892: result: /usr/bin/ld
configure:4899: checking if the linker (/usr/bin/ld) is GNU ld
configure:4914: result: yes
configure:4926: checking for BSD- or MS-compatible name lister (nm)
configure:4975: result: /usr/bin/nm -B
configure:5093: checking the name lister (/usr/bin/nm -B) interface
configure:5100: gcc -c -fno-stack-protector  conftest.c >&5
configure:5103: /usr/bin/nm -B "conftest.o"
configure:5106: output
00000000 B some_variable
configure:5113: result: BSD nm
configure:5116: checking whether ln -s works
configure:5120: result: yes
configure:5128: checking the maximum length of command line arguments
configure:5248: result: 1572864
configure:5265: checking whether the shell understands some XSI constructs
configure:5275: result: yes
configure:5279: checking whether the shell understands "+="
configure:5285: result: yes
configure:5320: checking for /usr/bin/ld option to reload object files
configure:5327: result: -r
configure:5396: checking for objdump
configure:5412: found /usr/bin/objdump
configure:5423: result: objdump
configure:5455: checking how to recognize dependent libraries
configure:5651: result: pass_all
configure:5711: checking for ar
configure:5727: found /usr/bin/ar
configure:5738: result: ar
configure:5816: checking for strip
configure:5832: found /usr/bin/strip
configure:5843: result: strip
configure:5915: checking for ranlib
configure:5931: found /usr/bin/ranlib
configure:5942: result: ranlib
configure:6032: checking command to parse /usr/bin/nm -B output from gcc object
configure:6150: gcc -c -fno-stack-protector  conftest.c >&5
configure:6153: $? = 0
configure:6157: /usr/bin/nm -B conftest.o \| sed -n -e 's/^.*[	 ]\([ABCDGIRSTW][ABCDGIRSTW]*\)[	 ][	 ]*\([_A-Za-z][_A-Za-z0-9]*\)$/\1 \2 \2/p' \> conftest.nm
configure:6160: $? = 0
configure:6214: gcc -o conftest -fno-stack-protector   conftest.c conftstm.o >&5
configure:6217: $? = 0
configure:6255: result: ok
configure:7064: checking how to run the C preprocessor
configure:7095: gcc -E  conftest.c
configure:7095: $? = 0
configure:7109: gcc -E  conftest.c
conftest.c:11:28: error: ac_nonexistent.h: No such file or directory
configure:7109: $? = 1
configure: failed program was:
| /* confdefs.h */
| #define PACKAGE_NAME "gvirtus"
| #define PACKAGE_TARNAME "gvirtus"
| #define PACKAGE_VERSION "01-beta2"
| #define PACKAGE_STRING "gvirtus 01-beta2"
| #define PACKAGE_BUGREPORT "http://osl.uniparthenope.it/mailman/listinfo/gvirtus-devel"
| #define PACKAGE_URL ""
| #define PACKAGE "gvirtus"
| #define VERSION "01-beta2"
| /* end confdefs.h.  */
| #include <ac_nonexistent.h>
configure:7134: result: gcc -E
configure:7154: gcc -E  conftest.c
configure:7154: $? = 0
configure:7168: gcc -E  conftest.c
conftest.c:11:28: error: ac_nonexistent.h: No such file or directory
configure:7168: $? = 1
configure: failed program was:
| /* confdefs.h */
| #define PACKAGE_NAME "gvirtus"
| #define PACKAGE_TARNAME "gvirtus"
| #define PACKAGE_VERSION "01-beta2"
| #define PACKAGE_STRING "gvirtus 01-beta2"
| #define PACKAGE_BUGREPORT "http://osl.uniparthenope.it/mailman/listinfo/gvirtus-devel"
| #define PACKAGE_URL ""
| #define PACKAGE "gvirtus"
| #define VERSION "01-beta2"
| /* end confdefs.h.  */
| #include <ac_nonexistent.h>
configure:7197: checking for ANSI C header files
configure:7217: gcc -c -fno-stack-protector  conftest.c >&5
configure:7217: $? = 0
configure:7290: gcc -o conftest -fno-stack-protector   conftest.c  >&5
configure:7290: $? = 0
configure:7290: ./conftest
configure:7290: $? = 0
configure:7301: result: yes
configure:7314: checking for sys/types.h
configure:7314: gcc -c -fno-stack-protector  conftest.c >&5
configure:7314: $? = 0
configure:7314: result: yes
configure:7314: checking for sys/stat.h
configure:7314: gcc -c -fno-stack-protector  conftest.c >&5
configure:7314: $? = 0
configure:7314: result: yes
configure:7314: checking for stdlib.h
configure:7314: gcc -c -fno-stack-protector  conftest.c >&5
configure:7314: $? = 0
configure:7314: result: yes
configure:7314: checking for string.h
configure:7314: gcc -c -fno-stack-protector  conftest.c >&5
configure:7314: $? = 0
configure:7314: result: yes
configure:7314: checking for memory.h
configure:7314: gcc -c -fno-stack-protector  conftest.c >&5
configure:7314: $? = 0
configure:7314: result: yes
configure:7314: checking for strings.h
configure:7314: gcc -c -fno-stack-protector  conftest.c >&5
configure:7314: $? = 0
configure:7314: result: yes
configure:7314: checking for inttypes.h
configure:7314: gcc -c -fno-stack-protector  conftest.c >&5
configure:7314: $? = 0
configure:7314: result: yes
configure:7314: checking for stdint.h
configure:7314: gcc -c -fno-stack-protector  conftest.c >&5
configure:7314: $? = 0
configure:7314: result: yes
configure:7314: checking for unistd.h
configure:7314: gcc -c -fno-stack-protector  conftest.c >&5
configure:7314: $? = 0
configure:7314: result: yes
configure:7329: checking for dlfcn.h
configure:7329: gcc -c -fno-stack-protector  conftest.c >&5
configure:7329: $? = 0
configure:7329: result: yes
configure:7454: checking for C++ compiler version
configure:7463: g++ --version >&5
g++ (Ubuntu 4.4.3-4ubuntu5.1) 4.4.3
Copyright (C) 2009 Free Software Foundation, Inc.
This is free software; see the source for copying conditions.  There is NO
warranty; not even for MERCHANTABILITY or FITNESS FOR A PARTICULAR PURPOSE.

configure:7474: $? = 0
configure:7463: g++ -v >&5
Using built-in specs.
Target: i486-linux-gnu
Configured with: ../src/configure -v --with-pkgversion='Ubuntu 4.4.3-4ubuntu5.1' --with-bugurl=file:///usr/share/doc/gcc-4.4/README.Bugs --enable-languages=c,c++,fortran,objc,obj-c++ --prefix=/usr --enable-shared --enable-multiarch --enable-linker-build-id --with-system-zlib --libexecdir=/usr/lib --without-included-gettext --enable-threads=posix --with-gxx-include-dir=/usr/include/c++/4.4 --program-suffix=-4.4 --enable-nls --enable-clocale=gnu --enable-libstdcxx-debug --enable-plugin --enable-objc-gc --enable-targets=all --disable-werror --with-arch-32=i486 --with-tune=generic --enable-checking=release --build=i486-linux-gnu --host=i486-linux-gnu --target=i486-linux-gnu
Thread model: posix
gcc version 4.4.3 (Ubuntu 4.4.3-4ubuntu5.1) 
configure:7474: $? = 0
configure:7463: g++ -V >&5
g++: '-V' option must have argument
configure:7474: $? = 1
configure:7463: g++ -qversion >&5
g++: unrecognized option '-qversion'
g++: no input files
configure:7474: $? = 1
configure:7478: checking whether we are using the GNU C++ compiler
configure:7506: result: yes
configure:7515: checking whether g++ accepts -g
configure:7576: result: yes
configure:7601: checking dependency style of g++
configure:7711: result: gcc3
configure:7734: checking how to run the C++ preprocessor
configure:7761: g++ -E  conftest.cpp
configure:7761: $? = 0
configure:7775: g++ -E  conftest.cpp
conftest.cpp:22:28: error: ac_nonexistent.h: No such file or directory
configure:7775: $? = 1
configure: failed program was:
| /* confdefs.h */
| #define PACKAGE_NAME "gvirtus"
| #define PACKAGE_TARNAME "gvirtus"
| #define PACKAGE_VERSION "01-beta2"
| #define PACKAGE_STRING "gvirtus 01-beta2"
| #define PACKAGE_BUGREPORT "http://osl.uniparthenope.it/mailman/listinfo/gvirtus-devel"
| #define PACKAGE_URL ""
| #define PACKAGE "gvirtus"
| #define VERSION "01-beta2"
| #define STDC_HEADERS 1
| #define HAVE_SYS_TYPES_H 1
| #define HAVE_SYS_STAT_H 1
| #define HAVE_STDLIB_H 1
| #define HAVE_STRING_H 1
| #define HAVE_MEMORY_H 1
| #define HAVE_STRINGS_H 1
| #define HAVE_INTTYPES_H 1
| #define HAVE_STDINT_H 1
| #define HAVE_UNISTD_H 1
| #define HAVE_DLFCN_H 1
| /* end confdefs.h.  */
| #include <ac_nonexistent.h>
configure:7800: result: g++ -E
configure:7820: g++ -E  conftest.cpp
configure:7820: $? = 0
configure:7834: g++ -E  conftest.cpp
conftest.cpp:22:28: error: ac_nonexistent.h: No such file or directory
configure:7834: $? = 1
configure: failed program was:
| /* confdefs.h */
| #define PACKAGE_NAME "gvirtus"
| #define PACKAGE_TARNAME "gvirtus"
| #define PACKAGE_VERSION "01-beta2"
| #define PACKAGE_STRING "gvirtus 01-beta2"
| #define PACKAGE_BUGREPORT "http://osl.uniparthenope.it/mailman/listinfo/gvirtus-devel"
| #define PACKAGE_URL ""
| #define PACKAGE "gvirtus"
| #define VERSION "01-beta2"
| #define STDC_HEADERS 1
| #define HAVE_SYS_TYPES_H 1
| #define HAVE_SYS_STAT_H 1
| #define HAVE_STDLIB_H 1
| #define HAVE_STRING_H 1
| #define HAVE_MEMORY_H 1
| #define HAVE_STRINGS_H 1
| #define HAVE_INTTYPES_H 1
| #define HAVE_STDINT_H 1
| #define HAVE_UNISTD_H 1
| #define HAVE_DLFCN_H 1
| /* end confdefs.h.  */
| #include <ac_nonexistent.h>
configure:8040: checking for objdir
configure:8055: result: .libs
configure:8347: checking if gcc supports -fno-rtti -fno-exceptions
configure:8365: gcc -c -fno-stack-protector  -fno-rtti -fno-exceptions conftest.c >&5
cc1: warning: command line option "-fno-rtti" is valid for C++/ObjC++ but not for C
configure:8369: $? = 0
configure:8382: result: no
configure:8402: checking for gcc option to produce PIC
configure:8674: result: -fPIC -DPIC
configure:8686: checking if gcc PIC flag -fPIC -DPIC works
configure:8704: gcc -c -fno-stack-protector  -fPIC -DPIC -DPIC conftest.c >&5
configure:8708: $? = 0
configure:8721: result: yes
configure:8745: checking if gcc static flag -static works
configure:8773: result: yes
configure:8788: checking if gcc supports -c -o file.o
configure:8809: gcc -c -fno-stack-protector  -o out/conftest2.o conftest.c >&5
configure:8813: $? = 0
configure:8835: result: yes
configure:8843: checking if gcc supports -c -o file.o
configure:8890: result: yes
configure:8923: checking whether the gcc linker (/usr/bin/ld) supports shared libraries
configure:9914: result: yes
configure:9951: checking whether -lc should be explicitly linked in
configure:9956: gcc -c -fno-stack-protector  conftest.c >&5
configure:9959: $? = 0
configure:9974: gcc -shared conftest.o  -v -Wl,-soname -Wl,conftest -o conftest 2\>\&1 \| /bin/grep  -lc  \>/dev/null 2\>\&1
configure:9977: $? = 0
configure:9989: result: no
configure:10153: checking dynamic linker characteristics
configure:10586: gcc -o conftest -fno-stack-protector   -Wl,-rpath -Wl,/foo conftest.c  >&5
configure:10586: $? = 0
configure:10816: result: GNU/Linux ld.so
configure:10918: checking how to hardcode library paths into programs
configure:10943: result: immediate
configure:11463: checking whether stripping libraries is possible
configure:11468: result: yes
configure:11503: checking if libtool supports shared libraries
configure:11505: result: yes
configure:11508: checking whether to build shared libraries
configure:11529: result: yes
configure:11532: checking whether to build static libraries
configure:11536: result: yes
configure:11686: checking for ld used by g++
configure:11753: result: /usr/bin/ld
configure:11760: checking if the linker (/usr/bin/ld) is GNU ld
configure:11775: result: yes
configure:11830: checking whether the g++ linker (/usr/bin/ld) supports shared libraries
configure:12743: result: yes
configure:12771: g++ -c -fno-stack-protector  conftest.cpp >&5
configure:12774: $? = 0
configure:12956: checking for g++ option to produce PIC
configure:13273: result: -fPIC -DPIC
configure:13282: checking if g++ PIC flag -fPIC -DPIC works
configure:13300: g++ -c -fno-stack-protector  -fPIC -DPIC -DPIC conftest.cpp >&5
configure:13304: $? = 0
configure:13317: result: yes
configure:13338: checking if g++ static flag -static works
configure:13366: result: yes
configure:13378: checking if g++ supports -c -o file.o
configure:13399: g++ -c -fno-stack-protector  -o out/conftest2.o conftest.cpp >&5
configure:13403: $? = 0
configure:13425: result: yes
configure:13430: checking if g++ supports -c -o file.o
configure:13477: result: yes
configure:13507: checking whether the g++ linker (/usr/bin/ld) supports shared libraries
configure:13536: result: yes
configure:13673: checking dynamic linker characteristics
configure:14054: g++ -o conftest -fno-stack-protector   -Wl,-rpath -Wl,/foo conftest.cpp  >&5
configure:14054: $? = 0
configure:14284: result: GNU/Linux ld.so
configure:14335: checking how to hardcode library paths into programs
configure:14360: result: immediate
configure:14438: checking arpa/inet.h usability
configure:14438: gcc -c -fno-stack-protector   conftest.c >&5
configure:14438: $? = 0
configure:14438: result: yes
configure:14438: checking arpa/inet.h presence
configure:14438: gcc -E   conftest.c
configure:14438: $? = 0
configure:14438: result: yes
configure:14438: checking for arpa/inet.h
configure:14438: result: yes
configure:14438: checking fcntl.h usability
configure:14438: gcc -c -fno-stack-protector   conftest.c >&5
configure:14438: $? = 0
configure:14438: result: yes
configure:14438: checking fcntl.h presence
configure:14438: gcc -E   conftest.c
configure:14438: $? = 0
configure:14438: result: yes
configure:14438: checking for fcntl.h
configure:14438: result: yes
configure:14438: checking netdb.h usability
configure:14438: gcc -c -fno-stack-protector   conftest.c >&5
configure:14438: $? = 0
configure:14438: result: yes
configure:14438: checking netdb.h presence
configure:14438: gcc -E   conftest.c
configure:14438: $? = 0
configure:14438: result: yes
configure:14438: checking for netdb.h
configure:14438: result: yes
configure:14438: checking netinet/in.h usability
configure:14438: gcc -c -fno-stack-protector   conftest.c >&5
configure:14438: $? = 0
configure:14438: result: yes
configure:14438: checking netinet/in.h presence
configure:14438: gcc -E   conftest.c
configure:14438: $? = 0
configure:14438: result: yes
configure:14438: checking for netinet/in.h
configure:14438: result: yes
configure:14438: checking for stdint.h
configure:14438: result: yes
configure:14438: checking for stdlib.h
configure:14438: result: yes
configure:14438: checking sys/socket.h usability
configure:14438: gcc -c -fno-stack-protector   conftest.c >&5
configure:14438: $? = 0
configure:14438: result: yes
configure:14438: checking sys/socket.h presence
configure:14438: gcc -E   conftest.c
configure:14438: $? = 0
configure:14438: result: yes
configure:14438: checking for sys/socket.h
configure:14438: result: yes
configure:14438: checking for unistd.h
configure:14438: result: yes
configure:14438: checking vmci/vmci_sockets.h usability
configure:14438: gcc -c -fno-stack-protector   conftest.c >&5
conftest.c:64:31: error: vmci/vmci_sockets.h: No such file or directory
configure:14438: $? = 1
configure: failed program was:
| /* confdefs.h */
| #define PACKAGE_NAME "gvirtus"
| #define PACKAGE_TARNAME "gvirtus"
| #define PACKAGE_VERSION "01-beta2"
| #define PACKAGE_STRING "gvirtus 01-beta2"
| #define PACKAGE_BUGREPORT "http://osl.uniparthenope.it/mailman/listinfo/gvirtus-devel"
| #define PACKAGE_URL ""
| #define PACKAGE "gvirtus"
| #define VERSION "01-beta2"
| #define STDC_HEADERS 1
| #define HAVE_SYS_TYPES_H 1
| #define HAVE_SYS_STAT_H 1
| #define HAVE_STDLIB_H 1
| #define HAVE_STRING_H 1
| #define HAVE_MEMORY_H 1
| #define HAVE_STRINGS_H 1
| #define HAVE_INTTYPES_H 1
| #define HAVE_STDINT_H 1
| #define HAVE_UNISTD_H 1
| #define HAVE_DLFCN_H 1
| #define LT_OBJDIR ".libs/"
| #define HAVE_ARPA_INET_H 1
| #define HAVE_FCNTL_H 1
| #define HAVE_NETDB_H 1
| #define HAVE_NETINET_IN_H 1
| #define HAVE_STDINT_H 1
| #define HAVE_STDLIB_H 1
| #define HAVE_SYS_SOCKET_H 1
| #define HAVE_UNISTD_H 1
| /* end confdefs.h.  */
| #include <stdio.h>
| #ifdef HAVE_SYS_TYPES_H
| # include <sys/types.h>
| #endif
| #ifdef HAVE_SYS_STAT_H
| # include <sys/stat.h>
| #endif
| #ifdef STDC_HEADERS
| # include <stdlib.h>
| # include <stddef.h>
| #else
| # ifdef HAVE_STDLIB_H
| #  include <stdlib.h>
| # endif
| #endif
| #ifdef HAVE_STRING_H
| # if !defined STDC_HEADERS && defined HAVE_MEMORY_H
| #  include <memory.h>
| # endif
| # include <string.h>
| #endif
| #ifdef HAVE_STRINGS_H
| # include <strings.h>
| #endif
| #ifdef HAVE_INTTYPES_H
| # include <inttypes.h>
| #endif
| #ifdef HAVE_STDINT_H
| # include <stdint.h>
| #endif
| #ifdef HAVE_UNISTD_H
| # include <unistd.h>
| #endif
| #include <vmci/vmci_sockets.h>
configure:14438: result: no
configure:14438: checking vmci/vmci_sockets.h presence
configure:14438: gcc -E   conftest.c
conftest.c:31:31: error: vmci/vmci_sockets.h: No such file or directory
configure:14438: $? = 1
configure: failed program was:
| /* confdefs.h */
| #define PACKAGE_NAME "gvirtus"
| #define PACKAGE_TARNAME "gvirtus"
| #define PACKAGE_VERSION "01-beta2"
| #define PACKAGE_STRING "gvirtus 01-beta2"
| #define PACKAGE_BUGREPORT "http://osl.uniparthenope.it/mailman/listinfo/gvirtus-devel"
| #define PACKAGE_URL ""
| #define PACKAGE "gvirtus"
| #define VERSION "01-beta2"
| #define STDC_HEADERS 1
| #define HAVE_SYS_TYPES_H 1
| #define HAVE_SYS_STAT_H 1
| #define HAVE_STDLIB_H 1
| #define HAVE_STRING_H 1
| #define HAVE_MEMORY_H 1
| #define HAVE_STRINGS_H 1
| #define HAVE_INTTYPES_H 1
| #define HAVE_STDINT_H 1
| #define HAVE_UNISTD_H 1
| #define HAVE_DLFCN_H 1
| #define LT_OBJDIR ".libs/"
| #define HAVE_ARPA_INET_H 1
| #define HAVE_FCNTL_H 1
| #define HAVE_NETDB_H 1
| #define HAVE_NETINET_IN_H 1
| #define HAVE_STDINT_H 1
| #define HAVE_STDLIB_H 1
| #define HAVE_SYS_SOCKET_H 1
| #define HAVE_UNISTD_H 1
| /* end confdefs.h.  */
| #include <vmci/vmci_sockets.h>
configure:14438: result: no
configure:14438: checking for vmci/vmci_sockets.h
configure:14438: result: no
configure:14451: checking for stdbool.h that conforms to C99
configure:14536: gcc -c -fno-stack-protector   conftest.c >&5
configure:14536: $? = 0
configure:14543: result: yes
configure:14545: checking for _Bool
configure:14545: gcc -c -fno-stack-protector   conftest.c >&5
configure:14545: $? = 0
configure:14545: gcc -c -fno-stack-protector   conftest.c >&5
conftest.c: In function 'main':
conftest.c:67: error: expected expression before ')' token
configure:14545: $? = 1
configure: failed program was:
| /* confdefs.h */
| #define PACKAGE_NAME "gvirtus"
| #define PACKAGE_TARNAME "gvirtus"
| #define PACKAGE_VERSION "01-beta2"
| #define PACKAGE_STRING "gvirtus 01-beta2"
| #define PACKAGE_BUGREPORT "http://osl.uniparthenope.it/mailman/listinfo/gvirtus-devel"
| #define PACKAGE_URL ""
| #define PACKAGE "gvirtus"
| #define VERSION "01-beta2"
| #define STDC_HEADERS 1
| #define HAVE_SYS_TYPES_H 1
| #define HAVE_SYS_STAT_H 1
| #define HAVE_STDLIB_H 1
| #define HAVE_STRING_H 1
| #define HAVE_MEMORY_H 1
| #define HAVE_STRINGS_H 1
| #define HAVE_INTTYPES_H 1
| #define HAVE_STDINT_H 1
| #define HAVE_UNISTD_H 1
| #define HAVE_DLFCN_H 1
| #define LT_OBJDIR ".libs/"
| #define HAVE_ARPA_INET_H 1
| #define HAVE_FCNTL_H 1
| #define HAVE_NETDB_H 1
| #define HAVE_NETINET_IN_H 1
| #define HAVE_STDINT_H 1
| #define HAVE_STDLIB_H 1
| #define HAVE_SYS_SOCKET_H 1
| #define HAVE_UNISTD_H 1
| /* end confdefs.h.  */
| #include <stdio.h>
| #ifdef HAVE_SYS_TYPES_H
| # include <sys/types.h>
| #endif
| #ifdef HAVE_SYS_STAT_H
| # include <sys/stat.h>
| #endif
| #ifdef STDC_HEADERS
| # include <stdlib.h>
| # include <stddef.h>
| #else
| # ifdef HAVE_STDLIB_H
| #  include <stdlib.h>
| # endif
| #endif
| #ifdef HAVE_STRING_H
| # if !defined STDC_HEADERS && defined HAVE_MEMORY_H
| #  include <memory.h>
| # endif
| # include <string.h>
| #endif
| #ifdef HAVE_STRINGS_H
| # include <strings.h>
| #endif
| #ifdef HAVE_INTTYPES_H
| # include <inttypes.h>
| #endif
| #ifdef HAVE_STDINT_H
| # include <stdint.h>
| #endif
| #ifdef HAVE_UNISTD_H
| # include <unistd.h>
| #endif
| int
| main ()
| {
| if (sizeof ((_Bool)))
| 	    return 0;
|   ;
|   return 0;
| }
configure:14545: result: yes
configure:14561: checking for inline
configure:14577: gcc -c -fno-stack-protector   conftest.c >&5
configure:14577: $? = 0
configure:14585: result: inline
configure:14603: checking for pid_t
configure:14603: gcc -c -fno-stack-protector   conftest.c >&5
configure:14603: $? = 0
configure:14603: gcc -c -fno-stack-protector   conftest.c >&5
conftest.c: In function 'main':
conftest.c:69: error: expected expression before ')' token
configure:14603: $? = 1
configure: failed program was:
| /* confdefs.h */
| #define PACKAGE_NAME "gvirtus"
| #define PACKAGE_TARNAME "gvirtus"
| #define PACKAGE_VERSION "01-beta2"
| #define PACKAGE_STRING "gvirtus 01-beta2"
| #define PACKAGE_BUGREPORT "http://osl.uniparthenope.it/mailman/listinfo/gvirtus-devel"
| #define PACKAGE_URL ""
| #define PACKAGE "gvirtus"
| #define VERSION "01-beta2"
| #define STDC_HEADERS 1
| #define HAVE_SYS_TYPES_H 1
| #define HAVE_SYS_STAT_H 1
| #define HAVE_STDLIB_H 1
| #define HAVE_STRING_H 1
| #define HAVE_MEMORY_H 1
| #define HAVE_STRINGS_H 1
| #define HAVE_INTTYPES_H 1
| #define HAVE_STDINT_H 1
| #define HAVE_UNISTD_H 1
| #define HAVE_DLFCN_H 1
| #define LT_OBJDIR ".libs/"
| #define HAVE_ARPA_INET_H 1
| #define HAVE_FCNTL_H 1
| #define HAVE_NETDB_H 1
| #define HAVE_NETINET_IN_H 1
| #define HAVE_STDINT_H 1
| #define HAVE_STDLIB_H 1
| #define HAVE_SYS_SOCKET_H 1
| #define HAVE_UNISTD_H 1
| #define HAVE__BOOL 1
| #define HAVE_STDBOOL_H 1
| /* end confdefs.h.  */
| #include <stdio.h>
| #ifdef HAVE_SYS_TYPES_H
| # include <sys/types.h>
| #endif
| #ifdef HAVE_SYS_STAT_H
| # include <sys/stat.h>
| #endif
| #ifdef STDC_HEADERS
| # include <stdlib.h>
| # include <stddef.h>
| #else
| # ifdef HAVE_STDLIB_H
| #  include <stdlib.h>
| # endif
| #endif
| #ifdef HAVE_STRING_H
| # if !defined STDC_HEADERS && defined HAVE_MEMORY_H
| #  include <memory.h>
| # endif
| # include <string.h>
| #endif
| #ifdef HAVE_STRINGS_H
| # include <strings.h>
| #endif
| #ifdef HAVE_INTTYPES_H
| # include <inttypes.h>
| #endif
| #ifdef HAVE_STDINT_H
| # include <stdint.h>
| #endif
| #ifdef HAVE_UNISTD_H
| # include <unistd.h>
| #endif
| int
| main ()
| {
| if (sizeof ((pid_t)))
| 	    return 0;
|   ;
|   return 0;
| }
configure:14603: result: yes
configure:14614: checking for size_t
configure:14614: gcc -c -fno-stack-protector   conftest.c >&5
configure:14614: $? = 0
configure:14614: gcc -c -fno-stack-protector   conftest.c >&5
conftest.c: In function 'main':
conftest.c:69: error: expected expression before ')' token
configure:14614: $? = 1
configure: failed program was:
| /* confdefs.h */
| #define PACKAGE_NAME "gvirtus"
| #define PACKAGE_TARNAME "gvirtus"
| #define PACKAGE_VERSION "01-beta2"
| #define PACKAGE_STRING "gvirtus 01-beta2"
| #define PACKAGE_BUGREPORT "http://osl.uniparthenope.it/mailman/listinfo/gvirtus-devel"
| #define PACKAGE_URL ""
| #define PACKAGE "gvirtus"
| #define VERSION "01-beta2"
| #define STDC_HEADERS 1
| #define HAVE_SYS_TYPES_H 1
| #define HAVE_SYS_STAT_H 1
| #define HAVE_STDLIB_H 1
| #define HAVE_STRING_H 1
| #define HAVE_MEMORY_H 1
| #define HAVE_STRINGS_H 1
| #define HAVE_INTTYPES_H 1
| #define HAVE_STDINT_H 1
| #define HAVE_UNISTD_H 1
| #define HAVE_DLFCN_H 1
| #define LT_OBJDIR ".libs/"
| #define HAVE_ARPA_INET_H 1
| #define HAVE_FCNTL_H 1
| #define HAVE_NETDB_H 1
| #define HAVE_NETINET_IN_H 1
| #define HAVE_STDINT_H 1
| #define HAVE_STDLIB_H 1
| #define HAVE_SYS_SOCKET_H 1
| #define HAVE_UNISTD_H 1
| #define HAVE__BOOL 1
| #define HAVE_STDBOOL_H 1
| /* end confdefs.h.  */
| #include <stdio.h>
| #ifdef HAVE_SYS_TYPES_H
| # include <sys/types.h>
| #endif
| #ifdef HAVE_SYS_STAT_H
| # include <sys/stat.h>
| #endif
| #ifdef STDC_HEADERS
| # include <stdlib.h>
| # include <stddef.h>
| #else
| # ifdef HAVE_STDLIB_H
| #  include <stdlib.h>
| # endif
| #endif
| #ifdef HAVE_STRING_H
| # if !defined STDC_HEADERS && defined HAVE_MEMORY_H
| #  include <memory.h>
| # endif
| # include <string.h>
| #endif
| #ifdef HAVE_STRINGS_H
| # include <strings.h>
| #endif
| #ifdef HAVE_INTTYPES_H
| # include <inttypes.h>
| #endif
| #ifdef HAVE_STDINT_H
| # include <stdint.h>
| #endif
| #ifdef HAVE_UNISTD_H
| # include <unistd.h>
| #endif
| int
| main ()
| {
| if (sizeof ((size_t)))
| 	    return 0;
|   ;
|   return 0;
| }
configure:14614: result: yes
configure:14625: checking for uint64_t
configure:14625: gcc -c -fno-stack-protector   conftest.c >&5
configure:14625: $? = 0
configure:14625: result: yes
configure:14643: checking vfork.h usability
configure:14643: gcc -c -fno-stack-protector   conftest.c >&5
conftest.c:66:19: error: vfork.h: No such file or directory
configure:14643: $? = 1
configure: failed program was:
| /* confdefs.h */
| #define PACKAGE_NAME "gvirtus"
| #define PACKAGE_TARNAME "gvirtus"
| #define PACKAGE_VERSION "01-beta2"
| #define PACKAGE_STRING "gvirtus 01-beta2"
| #define PACKAGE_BUGREPORT "http://osl.uniparthenope.it/mailman/listinfo/gvirtus-devel"
| #define PACKAGE_URL ""
| #define PACKAGE "gvirtus"
| #define VERSION "01-beta2"
| #define STDC_HEADERS 1
| #define HAVE_SYS_TYPES_H 1
| #define HAVE_SYS_STAT_H 1
| #define HAVE_STDLIB_H 1
| #define HAVE_STRING_H 1
| #define HAVE_MEMORY_H 1
| #define HAVE_STRINGS_H 1
| #define HAVE_INTTYPES_H 1
| #define HAVE_STDINT_H 1
| #define HAVE_UNISTD_H 1
| #define HAVE_DLFCN_H 1
| #define LT_OBJDIR ".libs/"
| #define HAVE_ARPA_INET_H 1
| #define HAVE_FCNTL_H 1
| #define HAVE_NETDB_H 1
| #define HAVE_NETINET_IN_H 1
| #define HAVE_STDINT_H 1
| #define HAVE_STDLIB_H 1
| #define HAVE_SYS_SOCKET_H 1
| #define HAVE_UNISTD_H 1
| #define HAVE__BOOL 1
| #define HAVE_STDBOOL_H 1
| /* end confdefs.h.  */
| #include <stdio.h>
| #ifdef HAVE_SYS_TYPES_H
| # include <sys/types.h>
| #endif
| #ifdef HAVE_SYS_STAT_H
| # include <sys/stat.h>
| #endif
| #ifdef STDC_HEADERS
| # include <stdlib.h>
| # include <stddef.h>
| #else
| # ifdef HAVE_STDLIB_H
| #  include <stdlib.h>
| # endif
| #endif
| #ifdef HAVE_STRING_H
| # if !defined STDC_HEADERS && defined HAVE_MEMORY_H
| #  include <memory.h>
| # endif
| # include <string.h>
| #endif
| #ifdef HAVE_STRINGS_H
| # include <strings.h>
| #endif
| #ifdef HAVE_INTTYPES_H
| # include <inttypes.h>
| #endif
| #ifdef HAVE_STDINT_H
| # include <stdint.h>
| #endif
| #ifdef HAVE_UNISTD_H
| # include <unistd.h>
| #endif
| #include <vfork.h>
configure:14643: result: no
configure:14643: checking vfork.h presence
configure:14643: gcc -E   conftest.c
conftest.c:33:19: error: vfork.h: No such file or directory
configure:14643: $? = 1
configure: failed program was:
| /* confdefs.h */
| #define PACKAGE_NAME "gvirtus"
| #define PACKAGE_TARNAME "gvirtus"
| #define PACKAGE_VERSION "01-beta2"
| #define PACKAGE_STRING "gvirtus 01-beta2"
| #define PACKAGE_BUGREPORT "http://osl.uniparthenope.it/mailman/listinfo/gvirtus-devel"
| #define PACKAGE_URL ""
| #define PACKAGE "gvirtus"
| #define VERSION "01-beta2"
| #define STDC_HEADERS 1
| #define HAVE_SYS_TYPES_H 1
| #define HAVE_SYS_STAT_H 1
| #define HAVE_STDLIB_H 1
| #define HAVE_STRING_H 1
| #define HAVE_MEMORY_H 1
| #define HAVE_STRINGS_H 1
| #define HAVE_INTTYPES_H 1
| #define HAVE_STDINT_H 1
| #define HAVE_UNISTD_H 1
| #define HAVE_DLFCN_H 1
| #define LT_OBJDIR ".libs/"
| #define HAVE_ARPA_INET_H 1
| #define HAVE_FCNTL_H 1
| #define HAVE_NETDB_H 1
| #define HAVE_NETINET_IN_H 1
| #define HAVE_STDINT_H 1
| #define HAVE_STDLIB_H 1
| #define HAVE_SYS_SOCKET_H 1
| #define HAVE_UNISTD_H 1
| #define HAVE__BOOL 1
| #define HAVE_STDBOOL_H 1
| /* end confdefs.h.  */
| #include <vfork.h>
configure:14643: result: no
configure:14643: checking for vfork.h
configure:14643: result: no
configure:14656: checking for fork
configure:14656: gcc -o conftest -fno-stack-protector    conftest.c  >&5
conftest.c:56: warning: conflicting types for built-in function 'fork'
configure:14656: $? = 0
configure:14656: result: yes
configure:14656: checking for vfork
configure:14656: gcc -o conftest -fno-stack-protector    conftest.c  >&5
configure:14656: $? = 0
configure:14656: result: yes
configure:14667: checking for working fork
configure:14689: gcc -o conftest -fno-stack-protector    conftest.c  >&5
configure:14689: $? = 0
configure:14689: ./conftest
configure:14689: $? = 0
configure:14699: result: yes
configure:14720: checking for working vfork
configure:14830: result: yes
configure:14857: checking for stdlib.h
configure:14857: result: yes
configure:14867: checking for GNU libc compatible malloc
configure:14891: gcc -o conftest -fno-stack-protector    conftest.c  >&5
configure:14891: $? = 0
configure:14891: ./conftest
configure:14891: $? = 0
configure:14901: result: yes
configure:14924: checking for stdlib.h
configure:14924: result: yes
configure:14934: checking for GNU libc compatible realloc
configure:14958: gcc -o conftest -fno-stack-protector    conftest.c  >&5
configure:14958: $? = 0
configure:14958: ./conftest
configure:14958: $? = 0
configure:14968: result: yes
configure:14992: checking for gethostbyname
configure:14992: gcc -o conftest -fno-stack-protector    conftest.c  >&5
configure:14992: $? = 0
configure:14992: result: yes
configure:14992: checking for memmove
configure:14992: gcc -o conftest -fno-stack-protector    conftest.c  >&5
conftest.c:65: warning: conflicting types for built-in function 'memmove'
configure:14992: $? = 0
configure:14992: result: yes
configure:14992: checking for memset
configure:14992: gcc -o conftest -fno-stack-protector    conftest.c  >&5
conftest.c:66: warning: conflicting types for built-in function 'memset'
configure:14992: $? = 0
configure:14992: result: yes
configure:14992: checking for socket
configure:14992: gcc -o conftest -fno-stack-protector    conftest.c  >&5
configure:14992: $? = 0
configure:14992: result: yes
configure:14992: checking for strcasecmp
configure:14992: gcc -o conftest -fno-stack-protector    conftest.c  >&5
conftest.c:68: warning: conflicting types for built-in function 'strcasecmp'
configure:14992: $? = 0
configure:14992: result: yes
configure:14992: checking for strdup
configure:14992: gcc -o conftest -fno-stack-protector    conftest.c  >&5
conftest.c:69: warning: conflicting types for built-in function 'strdup'
configure:14992: $? = 0
configure:14992: result: yes
configure:14992: checking for strtoul
configure:14992: gcc -o conftest -fno-stack-protector    conftest.c  >&5
configure:14992: $? = 0
configure:14992: result: yes
configure:15135: creating ./config.status

## ---------------------- ##
## Running config.status. ##
## ---------------------- ##

This file was extended by gvirtus config.status 01-beta2, which was
generated by GNU Autoconf 2.65.  Invocation command line was

  CONFIG_FILES    = 
  CONFIG_HEADERS  = 
  CONFIG_LINKS    = 
  CONFIG_COMMANDS = 
  $ ./config.status 

on cuda1

config.status:1155: creating Makefile
config.status:1155: creating backend/Makefile
config.status:1155: creating conf/Makefile
config.status:1155: creating frontend/Makefile
config.status:1155: creating test/Makefile
config.status:1155: creating util/Makefile
config.status:1155: creating config.h
config.status:1327: config.h is unchanged
config.status:1375: executing depfiles commands
config.status:1375: executing libtool commands

## ---------------- ##
## Cache variables. ##
## ---------------- ##

ac_cv_build=i686-pc-linux-gnu
ac_cv_c_compiler_gnu=yes
ac_cv_c_inline=inline
ac_cv_c_uint64_t=yes
ac_cv_cxx_compiler_gnu=yes
ac_cv_env_CCC_set=
ac_cv_env_CCC_value=
ac_cv_env_CC_set=
ac_cv_env_CC_value=
ac_cv_env_CFLAGS_set=set
ac_cv_env_CFLAGS_value=-fno-stack-protector
ac_cv_env_CPPFLAGS_set=
ac_cv_env_CPPFLAGS_value=
ac_cv_env_CPP_set=
ac_cv_env_CPP_value=
ac_cv_env_CXXCPP_set=
ac_cv_env_CXXCPP_value=
ac_cv_env_CXXFLAGS_set=set
ac_cv_env_CXXFLAGS_value=-fno-stack-protector
ac_cv_env_CXX_set=
ac_cv_env_CXX_value=
ac_cv_env_LDFLAGS_set=
ac_cv_env_LDFLAGS_value=
ac_cv_env_LIBS_set=
ac_cv_env_LIBS_value=
ac_cv_env_build_alias_set=
ac_cv_env_build_alias_value=
ac_cv_env_host_alias_set=
ac_cv_env_host_alias_value=
ac_cv_env_target_alias_set=
ac_cv_env_target_alias_value=
ac_cv_func_fork=yes
ac_cv_func_fork_works=yes
ac_cv_func_gethostbyname=yes
ac_cv_func_malloc_0_nonnull=yes
ac_cv_func_memmove=yes
ac_cv_func_memset=yes
ac_cv_func_realloc_0_nonnull=yes
ac_cv_func_socket=yes
ac_cv_func_strcasecmp=yes
ac_cv_func_strdup=yes
ac_cv_func_strtoul=yes
ac_cv_func_vfork=yes
ac_cv_func_vfork_works=yes
ac_cv_header_arpa_inet_h=yes
ac_cv_header_dlfcn_h=yes
ac_cv_header_fcntl_h=yes
ac_cv_header_inttypes_h=yes
ac_cv_header_memory_h=yes
ac_cv_header_netdb_h=yes
ac_cv_header_netinet_in_h=yes
ac_cv_header_stdbool_h=yes
ac_cv_header_stdc=yes
ac_cv_header_stdint_h=yes
ac_cv_header_stdlib_h=yes
ac_cv_header_string_h=yes
ac_cv_header_strings_h=yes
ac_cv_header_sys_socket_h=yes
ac_cv_header_sys_stat_h=yes
ac_cv_header_sys_types_h=yes
ac_cv_header_unistd_h=yes
ac_cv_header_vfork_h=no
ac_cv_header_vmci_vmci_sockets_h=no
ac_cv_host=i686-pc-linux-gnu
ac_cv_objext=o
ac_cv_path_EGREP='/bin/grep -E'
ac_cv_path_FGREP='/bin/grep -F'
ac_cv_path_GREP=/bin/grep
ac_cv_path_SED=/bin/sed
ac_cv_path_install='/usr/bin/install -c'
ac_cv_path_mkdir=/bin/mkdir
ac_cv_prog_AWK=gawk
ac_cv_prog_CPP='gcc -E'
ac_cv_prog_CXXCPP='g++ -E'
ac_cv_prog_ac_ct_AR=ar
ac_cv_prog_ac_ct_CC=gcc
ac_cv_prog_ac_ct_CXX=g++
ac_cv_prog_ac_ct_OBJDUMP=objdump
ac_cv_prog_ac_ct_RANLIB=ranlib
ac_cv_prog_ac_ct_STRIP=strip
ac_cv_prog_cc_c89=
ac_cv_prog_cc_g=yes
ac_cv_prog_cxx_g=yes
ac_cv_prog_make_make_set=yes
ac_cv_type__Bool=yes
ac_cv_type_pid_t=yes
ac_cv_type_size_t=yes
am_cv_CC_dependencies_compiler_type=gcc3
am_cv_CXX_dependencies_compiler_type=gcc3
lt_cv_deplibs_check_method=pass_all
lt_cv_file_magic_cmd='$MAGIC_CMD'
lt_cv_file_magic_test_file=
lt_cv_ld_reload_flag=-r
lt_cv_nm_interface='BSD nm'
lt_cv_objdir=.libs
lt_cv_path_LD=/usr/bin/ld
lt_cv_path_LDCXX=/usr/bin/ld
lt_cv_path_NM='/usr/bin/nm -B'
lt_cv_prog_compiler_c_o=yes
lt_cv_prog_compiler_c_o_CXX=yes
lt_cv_prog_compiler_pic_works=yes
lt_cv_prog_compiler_pic_works_CXX=yes
lt_cv_prog_compiler_rtti_exceptions=no
lt_cv_prog_compiler_static_works=yes
lt_cv_prog_compiler_static_works_CXX=yes
lt_cv_prog_gnu_ld=yes
lt_cv_prog_gnu_ldcxx=yes
lt_cv_sys_global_symbol_pipe='sed -n -e '\''s/^.*[	 ]\([ABCDGIRSTW][ABCDGIRSTW]*\)[	 ][	 ]*\([_A-Za-z][_A-Za-z0-9]*\)$/\1 \2 \2/p'\'''
lt_cv_sys_global_symbol_to_c_name_address='sed -n -e '\''s/^: \([^ ]*\) $/  {\"\1\", (void *) 0},/p'\'' -e '\''s/^[ABCDGIRSTW]* \([^ ]*\) \([^ ]*\)$/  {"\2", (void *) \&\2},/p'\'''
lt_cv_sys_global_symbol_to_c_name_address_lib_prefix='sed -n -e '\''s/^: \([^ ]*\) $/  {\"\1\", (void *) 0},/p'\'' -e '\''s/^[ABCDGIRSTW]* \([^ ]*\) \(lib[^ ]*\)$/  {"\2", (void *) \&\2},/p'\'' -e '\''s/^[ABCDGIRSTW]* \([^ ]*\) \([^ ]*\)$/  {"lib\2", (void *) \&\2},/p'\'''
lt_cv_sys_global_symbol_to_cdecl='sed -n -e '\''s/^T .* \(.*\)$/extern int \1();/p'\'' -e '\''s/^[ABCDGIRSTW]* .* \(.*\)$/extern char \1;/p'\'''
lt_cv_sys_max_cmd_len=1572864

## ----------------- ##
## Output variables. ##
## ----------------- ##

ACLOCAL='${SHELL} /home/gvirtus/gvirtus/gvirtus/missing --run aclocal-1.11'
AMDEPBACKSLASH='\'
AMDEP_FALSE='#'
AMDEP_TRUE=''
AMTAR='${SHELL} /home/gvirtus/gvirtus/gvirtus/missing --run tar'
AR='ar'
AUTOCONF='${SHELL} /home/gvirtus/gvirtus/gvirtus/missing --run autoconf'
AUTOHEADER='${SHELL} /home/gvirtus/gvirtus/gvirtus/missing --run autoheader'
AUTOMAKE='${SHELL} /home/gvirtus/gvirtus/gvirtus/missing --run automake-1.11'
AWK='gawk'
CC='gcc'
CCDEPMODE='depmode=gcc3'
CFLAGS='-fno-stack-protector'
CPP='gcc -E'
CPPFLAGS='  -I/home/gvirtus/gvirtus/gvirtus/util -I/home/gvirtus/gvirtus/gvirtus/frontend -I/home/gvirtus/gvirtus/gvirtus/backend -D_PLUGINS_DIR=\"${exec_prefix}/lib/backend\" -D_CONFIG_FILE=\"${prefix}/etc/gvirtus.properties\"'
CXX='g++'
CXXCPP='g++ -E'
CXXDEPMODE='depmode=gcc3'
CXXFLAGS='-fno-stack-protector -Wall -pedantic -Werror'
CYGPATH_W='echo'
DEFS='-DHAVE_CONFIG_H'
DEPDIR='.deps'
DSYMUTIL=''
DUMPBIN=''
ECHO_C=''
ECHO_N='-n'
ECHO_T=''
EGREP='/bin/grep -E'
EXEEXT=''
FGREP='/bin/grep -F'
GREP='/bin/grep'
INSTALL_DATA='${INSTALL} -m 644'
INSTALL_PROGRAM='${INSTALL}'
INSTALL_SCRIPT='${INSTALL}'
INSTALL_STRIP_PROGRAM='$(install_sh) -c -s'
LD='/usr/bin/ld'
LDFLAGS=''
LIBOBJS=''
LIBS=''
LIBTOOL='$(SHELL) $(top_builddir)/libtool'
LIPO=''
LN_S='ln -s'
LTLIBOBJS=''
MAKEINFO='${SHELL} /home/gvirtus/gvirtus/gvirtus/missing --run makeinfo'
MKDIR_P='/bin/mkdir -p'
NM='/usr/bin/nm -B'
NMEDIT=''
OBJDUMP='objdump'
OBJEXT='o'
OTOOL64=''
OTOOL=''
PACKAGE='gvirtus'
PACKAGE_BUGREPORT='http://osl.uniparthenope.it/mailman/listinfo/gvirtus-devel'
PACKAGE_NAME='gvirtus'
PACKAGE_STRING='gvirtus 01-beta2'
PACKAGE_TARNAME='gvirtus'
PACKAGE_URL=''
PACKAGE_VERSION='01-beta2'
PATH_SEPARATOR=':'
RANLIB='ranlib'
SED='/bin/sed'
SET_MAKE=''
SHELL='/bin/bash'
STRIP='strip'
VERSION='01-beta2'
ac_ct_CC='gcc'
ac_ct_CXX='g++'
ac_ct_DUMPBIN=''
am__EXEEXT_FALSE=''
am__EXEEXT_TRUE='#'
am__fastdepCC_FALSE='#'
am__fastdepCC_TRUE=''
am__fastdepCXX_FALSE='#'
am__fastdepCXX_TRUE=''
am__include='include'
am__isrc=''
am__leading_dot='.'
am__quote=''
am__tar='${AMTAR} chof - "$$tardir"'
am__untar='${AMTAR} xf -'
bindir='${exec_prefix}/bin'
build='i686-pc-linux-gnu'
build_alias=''
build_cpu='i686'
build_os='linux-gnu'
build_vendor='pc'
datadir='${datarootdir}'
datarootdir='${prefix}/share'
docdir='${datarootdir}/doc/${PACKAGE_TARNAME}'
dvidir='${docdir}'
exec_prefix='${prefix}'
host='i686-pc-linux-gnu'
host_alias=''
host_cpu='i686'
host_os='linux-gnu'
host_vendor='pc'
htmldir='${docdir}'
includedir='${prefix}/include'
infodir='${datarootdir}/info'
install_sh='${SHELL} /home/gvirtus/gvirtus/gvirtus/install-sh'
libdir='${exec_prefix}/lib'
libexecdir='${exec_prefix}/libexec'
localedir='${datarootdir}/locale'
localstatedir='${prefix}/var'
lt_ECHO='echo'
mandir='${datarootdir}/man'
mkdir_p='/bin/mkdir -p'
oldincludedir='/usr/include'
pdfdir='${docdir}'
prefix='/usr/local/gvirtus'
program_transform_name='s,x,x,'
psdir='${docdir}'
sbindir='${exec_prefix}/sbin'
sharedstatedir='${prefix}/com'
sysconfdir='${prefix}/etc'
target_alias=''

## ----------- ##
## confdefs.h. ##
## ----------- ##

/* confdefs.h */
#define PACKAGE_NAME "gvirtus"
#define PACKAGE_TARNAME "gvirtus"
#define PACKAGE_VERSION "01-beta2"
#define PACKAGE_STRING "gvirtus 01-beta2"
#define PACKAGE_BUGREPORT "http://osl.uniparthenope.it/mailman/listinfo/gvirtus-devel"
#define PACKAGE_URL ""
#define PACKAGE "gvirtus"
#define VERSION "01-beta2"
#define STDC_HEADERS 1
#define HAVE_SYS_TYPES_H 1
#define HAVE_SYS_STAT_H 1
#define HAVE_STDLIB_H 1
#define HAVE_STRING_H 1
#define HAVE_MEMORY_H 1
#define HAVE_STRINGS_H 1
#define HAVE_INTTYPES_H 1
#define HAVE_STDINT_H 1
#define HAVE_UNISTD_H 1
#define HAVE_DLFCN_H 1
#define LT_OBJDIR ".libs/"
#define HAVE_ARPA_INET_H 1
#define HAVE_FCNTL_H 1
#define HAVE_NETDB_H 1
#define HAVE_NETINET_IN_H 1
#define HAVE_STDINT_H 1
#define HAVE_STDLIB_H 1
#define HAVE_SYS_SOCKET_H 1
#define HAVE_UNISTD_H 1
#define HAVE__BOOL 1
#define HAVE_STDBOOL_H 1
#define HAVE_FORK 1
#define HAVE_VFORK 1
#define HAVE_WORKING_VFORK 1
#define HAVE_WORKING_FORK 1
#define HAVE_STDLIB_H 1
#define HAVE_MALLOC 1
#define HAVE_STDLIB_H 1
#define HAVE_REALLOC 1
#define HAVE_GETHOSTBYNAME 1
#define HAVE_MEMMOVE 1
#define HAVE_MEMSET 1
#define HAVE_SOCKET 1
#define HAVE_STRCASECMP 1
#define HAVE_STRDUP 1
#define HAVE_STRTOUL 1

configure: exit 0
